<?xml version="1.0" encoding="UTF-8"?>
<!-- Generated by org.testng.reporters.JUnitXMLReporter -->
<testsuite hostname="DESKTOP-7BN1PCM" ignored="0" name="redbus" tests="4" failures="0" timestamp="08 Aug 2020 18:52:36 GMT" time="94.614" errors="0">
  <testcase name="bookTicketforRedBus" time="16.198" classname="tests.RedBusHomePageTest"/>
  <testcase name="getTitleHomePage" time="1.703" classname="tests.RedBusHomePageTest"/>
  <testcase name="clickRPoolNewTab" time="3.548" classname="tests.RPoolTest"/>
  <testcase name="bookTicketForRedBusPil" time="21.426" classname="tests.PilTest"/>
</testsuite> <!-- redbus -->
